..\..\..\bin\MindYourOSCs.ilk
..\..\..\bin\MindYourOSCs.pdb
G:\DEV\C++\BIN\MINDYOUROSCS.EXE
G:\DEV\C++\BIN\MINDYOUROSCS.ILK
G:\DEV\C++\BIN\MINDYOUROSCS.PDB
G:\DEV\C++\EMOTIV\MINDYOUROSCS\DEBUG\MINDYOUROSCS.EXE
G:\dev\c++\emotiv\MindYourOSCs\MindYourOSCs\..\..\..\bin\MindYourOSCs.exe
G:\DEV\C++\EMOTIV\MINDYOUROSCS\MINDYOUROSCS\DEBUG\APPMENU.OBJ
G:\dev\c++\emotiv\MindYourOSCs\MindYourOSCs\Debug\cl.command.1.tlog
G:\dev\c++\emotiv\MindYourOSCs\MindYourOSCs\Debug\CL.read.1.tlog
G:\dev\c++\emotiv\MindYourOSCs\MindYourOSCs\Debug\CL.write.1.tlog
G:\DEV\C++\EMOTIV\MINDYOUROSCS\MINDYOUROSCS\DEBUG\DRIVER.OBJ
G:\DEV\C++\EMOTIV\MINDYOUROSCS\MINDYOUROSCS\DEBUG\EMOTIV.OBJ
G:\DEV\C++\EMOTIV\MINDYOUROSCS\MINDYOUROSCS\DEBUG\EMOTIVHANDLER.OBJ
G:\DEV\C++\EMOTIV\MINDYOUROSCS\MINDYOUROSCS\DEBUG\IPENDPOINTNAME.OBJ
G:\dev\c++\emotiv\MindYourOSCs\MindYourOSCs\Debug\link.command.1.tlog
G:\dev\c++\emotiv\MindYourOSCs\MindYourOSCs\Debug\link.read.1.tlog
G:\dev\c++\emotiv\MindYourOSCs\MindYourOSCs\Debug\link.write.1.tlog
G:\DEV\C++\EMOTIV\MINDYOUROSCS\MINDYOUROSCS\DEBUG\MAIN.OBJ
G:\DEV\C++\EMOTIV\MINDYOUROSCS\MINDYOUROSCS\DEBUG\MINDYOUROSCS.EXE.INTERMEDIATE.MANIFEST
G:\dev\c++\emotiv\MindYourOSCs\MindYourOSCs\Debug\mt.command.1.tlog
G:\dev\c++\emotiv\MindYourOSCs\MindYourOSCs\Debug\mt.read.1.tlog
G:\dev\c++\emotiv\MindYourOSCs\MindYourOSCs\Debug\mt.write.1.tlog
G:\DEV\C++\EMOTIV\MINDYOUROSCS\MINDYOUROSCS\DEBUG\NETWORKINGUTILS.OBJ
G:\DEV\C++\EMOTIV\MINDYOUROSCS\MINDYOUROSCS\DEBUG\OSCOUTBOUNDPACKETSTREAM.OBJ
G:\DEV\C++\EMOTIV\MINDYOUROSCS\MINDYOUROSCS\DEBUG\OSCTYPES.OBJ
G:\DEV\C++\EMOTIV\MINDYOUROSCS\MINDYOUROSCS\DEBUG\UDPSOCKET.OBJ
G:\dev\c++\emotiv\MindYourOSCs\MindYourOSCs\Debug\vc100.idb
G:\DEV\C++\EMOTIV\MINDYOUROSCS\MINDYOUROSCS\DEBUG\VC100.PDB
G:\DEV\C++\PROJECTS\EMOTIV\BIN\MINDYOUROSCS.EXE
