Build started 11/21/2011 7:50:40 PM.
     1>Project "G:\dev\c++\emotiv\MindYourOSCs\MindYourOSCs\MindYourOSCs.vcxproj" on node 2 (build target(s)).
     1>InitializeBuildStatus:
         Touching "Debug\MindYourOSCs.unsuccessfulbuild".
       ClCompile:
         C:\Program Files (x86)\Microsoft Visual Studio 10.0\VC\bin\CL.exe /c /ZI /nologo /W3 /WX- /Od /Oy- /D _MBCS /D _MBCS /D WIN32 /D WIN32 /Gm /EHsc /RTC1 /MDd /GS /fp:precise /Zc:wchar_t /Zc:forScope /Fo"Debug\\" /Fd"Debug\vc100.pdb" /Gd /TP /analyze- /errorReport:prompt ..\..\..\Libraries\oscpack\ip\IpEndpointName.cpp ..\..\..\Libraries\oscpack\ip\win32\NetworkingUtils.cpp ..\..\..\Libraries\oscpack\ip\win32\UdpSocket.cpp ..\..\..\Libraries\oscpack\osc\OscOutboundPacketStream.cpp ..\..\..\Libraries\oscpack\osc\OscTypes.cpp AppMenu\AppMenu.cc Driver\Driver.cc Emotiv\Emotiv.cc Emotiv\EmotivHandler.cc main.cc
         main.cc
         EmotivHandler.cc
         Emotiv.cc
         Driver.cc
         AppMenu.cc
         OscTypes.cpp
         OscOutboundPacketStream.cpp
     1>g:\dev\c++\libraries\oscpack\osc\oscoutboundpacketstream.cpp(339): warning C4996: 'strcpy': This function or variable may be unsafe. Consider using strcpy_s instead. To disable deprecation, use _CRT_SECURE_NO_WARNINGS. See online help for details.
                 c:\program files (x86)\microsoft visual studio 10.0\vc\include\string.h(105) : see declaration of 'strcpy'
     1>g:\dev\c++\libraries\oscpack\osc\oscoutboundpacketstream.cpp(581): warning C4996: 'strcpy': This function or variable may be unsafe. Consider using strcpy_s instead. To disable deprecation, use _CRT_SECURE_NO_WARNINGS. See online help for details.
                 c:\program files (x86)\microsoft visual studio 10.0\vc\include\string.h(105) : see declaration of 'strcpy'
     1>g:\dev\c++\libraries\oscpack\osc\oscoutboundpacketstream.cpp(601): warning C4996: 'strcpy': This function or variable may be unsafe. Consider using strcpy_s instead. To disable deprecation, use _CRT_SECURE_NO_WARNINGS. See online help for details.
                 c:\program files (x86)\microsoft visual studio 10.0\vc\include\string.h(105) : see declaration of 'strcpy'
         UdpSocket.cpp
         NetworkingUtils.cpp
         IpEndpointName.cpp
     1>g:\dev\c++\libraries\oscpack\ip\ipendpointname.cpp(46): warning C4996: 'sprintf': This function or variable may be unsafe. Consider using sprintf_s instead. To disable deprecation, use _CRT_SECURE_NO_WARNINGS. See online help for details.
                 c:\program files (x86)\microsoft visual studio 10.0\vc\include\stdio.h(371) : see declaration of 'sprintf'
     1>g:\dev\c++\libraries\oscpack\ip\ipendpointname.cpp(52): warning C4996: 'sprintf': This function or variable may be unsafe. Consider using sprintf_s instead. To disable deprecation, use _CRT_SECURE_NO_WARNINGS. See online help for details.
                 c:\program files (x86)\microsoft visual studio 10.0\vc\include\stdio.h(371) : see declaration of 'sprintf'
     1>g:\dev\c++\libraries\oscpack\ip\ipendpointname.cpp(61): warning C4996: 'sprintf': This function or variable may be unsafe. Consider using sprintf_s instead. To disable deprecation, use _CRT_SECURE_NO_WARNINGS. See online help for details.
                 c:\program files (x86)\microsoft visual studio 10.0\vc\include\stdio.h(371) : see declaration of 'sprintf'
     1>g:\dev\c++\libraries\oscpack\ip\ipendpointname.cpp(67): warning C4996: 'sprintf': This function or variable may be unsafe. Consider using sprintf_s instead. To disable deprecation, use _CRT_SECURE_NO_WARNINGS. See online help for details.
                 c:\program files (x86)\microsoft visual studio 10.0\vc\include\stdio.h(371) : see declaration of 'sprintf'
     1>g:\dev\c++\libraries\oscpack\ip\ipendpointname.cpp(71): warning C4996: 'sprintf': This function or variable may be unsafe. Consider using sprintf_s instead. To disable deprecation, use _CRT_SECURE_NO_WARNINGS. See online help for details.
                 c:\program files (x86)\microsoft visual studio 10.0\vc\include\stdio.h(371) : see declaration of 'sprintf'
     1>g:\dev\c++\libraries\oscpack\ip\ipendpointname.cpp(78): warning C4996: 'sprintf': This function or variable may be unsafe. Consider using sprintf_s instead. To disable deprecation, use _CRT_SECURE_NO_WARNINGS. See online help for details.
                 c:\program files (x86)\microsoft visual studio 10.0\vc\include\stdio.h(371) : see declaration of 'sprintf'
         Generating Code...
       Link:
         C:\Program Files (x86)\Microsoft Visual Studio 10.0\VC\bin\link.exe /ERRORREPORT:PROMPT /OUT:"..\..\..\bin\MindYourOSCs.exe" /NOLOGO edk.lib kernel32.lib user32.lib gdi32.lib winspool.lib comdlg32.lib advapi32.lib shell32.lib ole32.lib oleaut32.lib uuid.lib odbc32.lib odbccp32.lib kernel32.lib user32.lib gdi32.lib winspool.lib comdlg32.lib advapi32.lib shell32.lib ole32.lib oleaut32.lib uuid.lib odbc32.lib odbccp32.lib /MANIFEST /ManifestFile:"Debug\MindYourOSCs.exe.intermediate.manifest" /MANIFESTUAC:"level='asInvoker' uiAccess='false'" /DEBUG /PDB:"G:\dev\c++\bin\MindYourOSCs.pdb" /TLBID:1 /DYNAMICBASE /NXCOMPAT /IMPLIB:"..\..\..\bin\MindYourOSCs.lib" /MACHINE:X86 Debug\IpEndpointName.obj
         Debug\NetworkingUtils.obj
         Debug\UdpSocket.obj
         Debug\OscOutboundPacketStream.obj
         Debug\OscTypes.obj
         Debug\AppMenu.obj
         Debug\Driver.obj
         Debug\Emotiv.obj
         Debug\EmotivHandler.obj
         Debug\main.obj
         LINK : ..\..\..\bin\MindYourOSCs.exe not found or not built by the last incremental link; performing full link
         MindYourOSCs.vcxproj -> G:\dev\c++\emotiv\MindYourOSCs\MindYourOSCs\..\..\..\bin\MindYourOSCs.exe
       Manifest:
         C:\Program Files (x86)\Microsoft SDKs\Windows\v7.0A\bin\mt.exe /nologo /verbose /outputresource:"..\..\..\bin\MindYourOSCs.exe;#1" /manifest Debug\MindYourOSCs.exe.intermediate.manifest
       FinalizeBuildStatus:
         Deleting file "Debug\MindYourOSCs.unsuccessfulbuild".
         Touching "Debug\MindYourOSCs.lastbuildstate".
     1>Done Building Project "G:\dev\c++\emotiv\MindYourOSCs\MindYourOSCs\MindYourOSCs.vcxproj" (build target(s)).

Build succeeded.

Time Elapsed 00:00:18.15
